D:\2015VScode\LazyPano\LazyPano\x64\Debug\cl.command.1.tlog
D:\2015VScode\LazyPano\LazyPano\x64\Debug\CL.read.1.tlog
D:\2015VScode\LazyPano\LazyPano\x64\Debug\CL.write.1.tlog
D:\2015VScode\LazyPano\LazyPano\x64\Debug\LazyPano.exe.embed.manifest
D:\2015VSCODE\LAZYPANO\LAZYPANO\X64\DEBUG\LAZYPANO.EXE.EMBED.MANIFEST.RES
D:\2015VScode\LazyPano\LazyPano\x64\Debug\LazyPano.vcxprojResolveAssemblyReference.cache
D:\2015VScode\LazyPano\LazyPano\x64\Debug\LazyPano.write.1.tlog
D:\2015VScode\LazyPano\LazyPano\x64\Debug\LazyPano_manifest.rc
D:\2015VScode\LazyPano\LazyPano\x64\Debug\link.command.1.tlog
D:\2015VScode\LazyPano\LazyPano\x64\Debug\link.read.1.tlog
D:\2015VScode\LazyPano\LazyPano\x64\Debug\link.write.1.tlog
D:\2015VScode\LazyPano\LazyPano\x64\Debug\rc.command.1.tlog
D:\2015VScode\LazyPano\LazyPano\x64\Debug\rc.read.1.tlog
D:\2015VScode\LazyPano\LazyPano\x64\Debug\rc.write.1.tlog
D:\2015VSCODE\LAZYPANO\LAZYPANO\X64\DEBUG\SURFMATCH.OBJ
D:\2015VSCODE\LAZYPANO\LAZYPANO\X64\DEBUG\TRANSFORM.OBJ
D:\2015VScode\LazyPano\LazyPano\x64\Debug\vc100.idb
D:\2015VSCODE\LAZYPANO\LAZYPANO\X64\DEBUG\VC100.PDB
D:\2015VScode\LazyPano\LazyPano\x64\Debug\vc120.idb
D:\2015VScode\LazyPano\LazyPano\x64\Debug\vc120.pdb
D:\2015VSCODE\LAZYPANO\LAZYPANO\X64\DEBUG\源.OBJ
D:\2015VScode\LazyPano\x64\Debug\LazyPano.pdb
