生成启动时间为 2015/1/31 20:43:34。
     1>项目“D:\2015VScode\2015VScodeGit\LazyPano\LazyPano\LazyPano.vcxproj”在节点 2 上(Build 个目标)。
     1>ClCompile:
         F:\Program Files (x86)\Microsoft Visual Studio 10.0\VC\bin\x86_amd64\CL.exe /c /Zi /nologo /W3 /WX- /Od /D WIN32 /D _DEBUG /D _CONSOLE /D _LIB /D _UNICODE /D UNICODE /Gm /EHsc /RTC1 /MDd /GS /fp:precise /Zc:wchar_t /Zc:forScope /Fo"x64\Debug\\" /Fd"x64\Debug\vc100.pdb" /Gd /TP /errorReport:prompt Transform.cpp
         Transform.cpp
     1>Transform.cpp(17): warning C4244: “参数”: 从“int”转换到“float”，可能丢失数据
     1>Transform.cpp(18): warning C4244: “参数”: 从“double”转换到“float”，可能丢失数据
     1>Transform.cpp(26): warning C4244: “初始化”: 从“double”转换到“int”，可能丢失数据
     1>Transform.cpp(27): warning C4244: “参数”: 从“int”转换到“float”，可能丢失数据
     1>Transform.cpp(27): warning C4244: “参数”: 从“double”转换到“float”，可能丢失数据
     1>Transform.cpp(27): warning C4244: “初始化”: 从“double”转换到“int”，可能丢失数据
       Link:
         F:\Program Files (x86)\Microsoft Visual Studio 10.0\VC\bin\x86_amd64\link.exe /ERRORREPORT:PROMPT /OUT:"D:\2015VScode\2015VScodeGit\LazyPano\x64\Debug\LazyPano.exe" /INCREMENTAL /NOLOGO opencv_calib3d249d.lib opencv_contrib249d.lib opencv_core249d.lib opencv_features2d249d.lib opencv_flann249d.lib opencv_nonfree249d.lib opencv_gpu249d.lib opencv_highgui249d.lib opencv_imgproc249d.lib opencv_legacy249d.lib opencv_ml249d.lib opencv_objdetect249d.lib opencv_ts249d.lib opencv_video249d.lib kernel32.lib user32.lib gdi32.lib winspool.lib comdlg32.lib advapi32.lib shell32.lib ole32.lib oleaut32.lib uuid.lib odbc32.lib odbccp32.lib /MANIFEST /ManifestFile:"x64\Debug\LazyPano.exe.intermediate.manifest" /MANIFESTUAC:"level='asInvoker' uiAccess='false'" /DEBUG /PDB:"D:\2015VScode\2015VScodeGit\LazyPano\x64\Debug\LazyPano.pdb" /SUBSYSTEM:CONSOLE /TLBID:1 /DYNAMICBASE /NXCOMPAT /IMPLIB:"D:\2015VScode\2015VScodeGit\LazyPano\x64\Debug\LazyPano.lib" /MACHINE:X64 x64\Debug\SurfMatch.obj
         x64\Debug\Transform.obj
         "x64\Debug\源.obj"
         LazyPano.vcxproj -> D:\2015VScode\2015VScodeGit\LazyPano\x64\Debug\LazyPano.exe
       Manifest:
         C:\Program Files (x86)\Microsoft SDKs\Windows\v7.0A\bin\mt.exe /nologo /verbose /out:"D:\2015VScode\2015VScodeGit\LazyPano\x64\Debug\LazyPano.exe.manifest" /manifest x64\Debug\LazyPano.exe.intermediate.manifest
     1>已完成生成项目“D:\2015VScode\2015VScodeGit\LazyPano\LazyPano\LazyPano.vcxproj”(Build 个目标)的操作。

生成成功。

已用时间 00:00:01.80
